<?xml version="1.0" encoding="UTF-8"?>
<!-- Generated by org.testng.reporters.JUnitReportReporter -->
<testsuite hostname="GSOD-3252016" name="mavenMod.amazonProject.amazonSearchTest" tests="1" failures="0" timestamp="2 Nov 2016 13:19:25 GMT" time="20.659" errors="0">
  <testcase name="searchBarTest" time="20.659" classname="mavenMod.amazonProject.amazonSearchTest"/>
</testsuite> <!-- mavenMod.amazonProject.amazonSearchTest -->
