<?xml version="1.0" encoding="UTF-8"?>
<!-- Generated by org.testng.reporters.JUnitReportReporter -->
<testsuite hostname="GSOD-DSMITH" name="mavenMod.amazonProject.departmentsChooseTest" tests="1" failures="0" timestamp="2 May 2018 19:35:34 GMT" time="9.041" errors="0">
  <testcase name="departmentSelectTest" time="9.041" classname="mavenMod.amazonProject.departmentsChooseTest"/>
</testsuite> <!-- mavenMod.amazonProject.departmentsChooseTest -->
