<?xml version="1.0" encoding="UTF-8"?>
<!-- Generated by org.testng.reporters.JUnitReportReporter -->
<testsuite hostname="GSOD-DSMITH" name="mavenMod.amazonProject.deliverTo_Test" tests="1" failures="0" timestamp="9 May 2018 21:09:52 GMT" time="2.434" errors="0">
  <testcase name="testLocation" time="2.434" classname="mavenMod.amazonProject.deliverTo_Test"/>
</testsuite> <!-- mavenMod.amazonProject.deliverTo_Test -->
