<?xml version="1.0" encoding="UTF-8"?>
<!-- Generated by org.testng.reporters.JUnitReportReporter -->
<testsuite hostname="GSOD-DSMITH" name="mavenMod.amazonProject.amazonSearchTest" tests="1" failures="0" timestamp="2 May 2018 14:02:30 GMT" time="28.263" errors="0">
  <testcase name="searchBarTest" time="28.263" classname="mavenMod.amazonProject.amazonSearchTest"/>
</testsuite> <!-- mavenMod.amazonProject.amazonSearchTest -->
