<?xml version="1.0" encoding="UTF-8"?>
<!-- Generated by org.testng.reporters.JUnitReportReporter -->
<testsuite hostname="GSOD-DSMITH" name="mavenMod.amazonProject.departmentsChooseTest" tests="1" failures="0" timestamp="9 May 2018 14:39:01 GMT" time="8.313" errors="0">
  <testcase name="departmentSelectTest" time="8.313" classname="mavenMod.amazonProject.departmentsChooseTest"/>
</testsuite> <!-- mavenMod.amazonProject.departmentsChooseTest -->
