<?xml version="1.0" encoding="UTF-8"?>
<!-- Generated by org.testng.reporters.JUnitReportReporter -->
<testsuite hostname="GSOD-DSMITH" name="mavenMod.amazonProject.amazonSearchTest" tests="1" failures="0" timestamp="9 May 2018 14:39:01 GMT" time="14.010" errors="0">
  <testcase name="searchBarTest" time="14.010" classname="mavenMod.amazonProject.amazonSearchTest"/>
</testsuite> <!-- mavenMod.amazonProject.amazonSearchTest -->
