<?xml version="1.0" encoding="UTF-8"?>
<!-- Generated by org.testng.reporters.JUnitReportReporter -->
<testsuite hostname="GSOD-3252016" name="mavenMod.amazonProject.departmentsChooseTest" tests="1" failures="0" timestamp="2 Nov 2016 13:48:52 GMT" time="32.006" errors="0">
  <testcase name="departmentSelectTest" time="32.006" classname="mavenMod.amazonProject.departmentsChooseTest"/>
</testsuite> <!-- mavenMod.amazonProject.departmentsChooseTest -->
